<?xml version="1.0" encoding="UTF-8"?>
<!-- Generated by org.testng.reporters.JUnitXMLReporter -->
<testsuite ignored="3" hostname="IN-9DLRXM3" failures="0" tests="3" name="GroupTest" time="24.791" errors="0" timestamp="2023-08-01T15:12:40 IST">
  <testcase classname="tests.SignIn" name="sign_up" time="8.844"/>
  <testcase classname="tests.Home" name="homepage_element_validation" time="0.888"/>
  <testcase classname="tests.Home" name="homepage_search" time="2.847"/>
  <testcase classname="base.BrowserLaunch" name="@BeforeSuite startReporter" time="0.0">
    <ignored/>
  </testcase> <!-- @BeforeSuite startReporter -->
  <testcase classname="tests.SignIn" name="invalid_sign_in" time="0.0">
    <ignored/>
  </testcase> <!-- invalid_sign_in -->
  <testcase classname="base.BrowserLaunch" name="@AfterSuite endReporter" time="0.0">
    <ignored/>
  </testcase> <!-- @AfterSuite endReporter -->
</testsuite> <!-- GroupTest -->
