<?xml version="1.0" encoding="UTF-8"?>
<!-- Generated by org.testng.reporters.JUnitXMLReporter -->
<testsuite hostname="IN-9DLRXM3" failures="0" tests="8" name="RunAllTest" time="121.046" errors="0" timestamp="1 May 2023 17:46:27 GMT">
  <testcase classname="tests.Home" name="homepage_element_validation" time="0.902"/>
  <testcase classname="tests.Home" name="homepage_search" time="3.338"/>
  <testcase classname="tests.SignIn" name="invalid_sign_in" time="6.474"/>
  <testcase classname="tests.SignIn" name="sign_up" time="8.894"/>
  <testcase classname="tests.Shopping" name="validate_empty_cart" time="2.511"/>
  <testcase classname="tests.PlaceOrder" name="validate_checkout_option" time="19.689"/>
  <testcase classname="tests.Shopping" name="add_yoga_product" time="13.395"/>
  <testcase classname="tests.PlaceOrder" name="place_an_order" time="27.324"/>
</testsuite> <!-- RunAllTest -->
