<?xml version="1.0" encoding="UTF-8"?>
<testng-results ignored="3" total="6" passed="3" failed="0" skipped="0">
  <reporter-output>
  </reporter-output>
  <suite started-at="2023-08-01T21:18:31 IST" name="Group" finished-at="2023-08-01T21:18:57 IST" duration-ms="26011">
    <groups>
      <group name="regression">
        <method signature="Home.homepage_element_validation()[pri:0, instance:tests.Home@6392827e]" name="homepage_element_validation" class="tests.Home"/>
        <method signature="Home.homepage_search()[pri:0, instance:tests.Home@6392827e]" name="homepage_search" class="tests.Home"/>
        <method signature="SignIn.sign_up(java.lang.String,java.lang.String,java.lang.String)[pri:0, instance:tests.SignIn@741a8937]" name="sign_up" class="tests.SignIn"/>
      </group> <!-- regression -->
      <group name="smoke">
        <method signature="Home.homepage_element_validation()[pri:0, instance:tests.Home@6392827e]" name="homepage_element_validation" class="tests.Home"/>
        <method signature="Home.homepage_search()[pri:0, instance:tests.Home@6392827e]" name="homepage_search" class="tests.Home"/>
        <method signature="SignIn.sign_up(java.lang.String,java.lang.String,java.lang.String)[pri:0, instance:tests.SignIn@741a8937]" name="sign_up" class="tests.SignIn"/>
      </group> <!-- smoke -->
    </groups>
    <test started-at="2023-08-01T21:18:31 IST" name="GroupTest" finished-at="2023-08-01T21:18:57 IST" duration-ms="26011">
      <class name="tests.Home">
        <test-method is-config="true" signature="setup()[pri:0, instance:tests.Home@6392827e]" started-at="2023-08-01T21:18:45 IST" name="setup" finished-at="2023-08-01T21:18:49 IST" duration-ms="3692" status="PASS">
          <reporter-output>
          </reporter-output>
        </test-method> <!-- setup -->
        <test-method signature="homepage_element_validation()[pri:0, instance:tests.Home@6392827e]" started-at="2023-08-01T21:18:49 IST" name="homepage_element_validation" finished-at="2023-08-01T21:18:50 IST" duration-ms="888" status="PASS">
          <reporter-output>
          </reporter-output>
        </test-method> <!-- homepage_element_validation -->
        <test-method is-config="true" signature="check_tc_status(org.testng.ITestResult)[pri:0, instance:tests.Home@6392827e]" started-at="2023-08-01T21:18:50 IST" name="check_tc_status" finished-at="2023-08-01T21:18:50 IST" duration-ms="249" status="PASS">
          <params>
            <param index="0">
              <value>
                <![CDATA[[TestResult name=homepage_element_validation status=SUCCESS method=Home.homepage_element_validation()[pri:0, instance:tests.Home@6392827e] output={null}]]]>
              </value>
            </param>
          </params>
          <reporter-output>
          </reporter-output>
        </test-method> <!-- check_tc_status -->
        <test-method is-config="true" signature="setup()[pri:0, instance:tests.Home@6392827e]" started-at="2023-08-01T21:18:50 IST" name="setup" finished-at="2023-08-01T21:18:54 IST" duration-ms="3641" status="PASS">
          <reporter-output>
          </reporter-output>
        </test-method> <!-- setup -->
        <test-method signature="homepage_search()[pri:0, instance:tests.Home@6392827e]" started-at="2023-08-01T21:18:54 IST" name="homepage_search" finished-at="2023-08-01T21:18:57 IST" duration-ms="3064" status="PASS">
          <reporter-output>
          </reporter-output>
        </test-method> <!-- homepage_search -->
        <test-method is-config="true" signature="check_tc_status(org.testng.ITestResult)[pri:0, instance:tests.Home@6392827e]" started-at="2023-08-01T21:18:57 IST" name="check_tc_status" finished-at="2023-08-01T21:18:57 IST" duration-ms="295" status="PASS">
          <params>
            <param index="0">
              <value>
                <![CDATA[[TestResult name=homepage_search status=SUCCESS method=Home.homepage_search()[pri:0, instance:tests.Home@6392827e] output={null}]]]>
              </value>
            </param>
          </params>
          <reporter-output>
          </reporter-output>
        </test-method> <!-- check_tc_status -->
      </class> <!-- tests.Home -->
      <class name="tests.SignIn">
        <test-method is-config="true" signature="startReporter()[pri:0, instance:tests.SignIn@741a8937]" started-at="2023-08-01T21:18:31 IST" name="startReporter" finished-at="2023-08-01T21:18:31 IST" duration-ms="295" status="PASS">
          <reporter-output>
          </reporter-output>
        </test-method> <!-- startReporter -->
        <test-method is-config="true" signature="setup()[pri:0, instance:tests.SignIn@741a8937]" started-at="2023-08-01T21:18:32 IST" name="setup" finished-at="2023-08-01T21:18:37 IST" duration-ms="4840" status="PASS">
          <reporter-output>
          </reporter-output>
        </test-method> <!-- setup -->
        <test-method signature="sign_up(java.lang.String,java.lang.String,java.lang.String)[pri:0, instance:tests.SignIn@741a8937]" started-at="2023-08-01T21:18:37 IST" name="sign_up" data-provider="sign_up_data" finished-at="2023-08-01T21:18:45 IST" duration-ms="8390" status="PASS">
          <params>
            <param index="0">
              <value>
                <![CDATA[Automation]]>
              </value>
            </param>
            <param index="1">
              <value>
                <![CDATA[User]]>
              </value>
            </param>
            <param index="2">
              <value>
                <![CDATA[Password@123]]>
              </value>
            </param>
          </params>
          <reporter-output>
          </reporter-output>
        </test-method> <!-- sign_up -->
        <test-method is-config="true" signature="check_tc_status(org.testng.ITestResult)[pri:0, instance:tests.SignIn@741a8937]" started-at="2023-08-01T21:18:45 IST" name="check_tc_status" finished-at="2023-08-01T21:18:45 IST" duration-ms="466" status="PASS">
          <params>
            <param index="0">
              <value>
                <![CDATA[[TestResult name=sign_up status=SUCCESS method=SignIn.sign_up(java.lang.String,java.lang.String,java.lang.String)[pri:0, instance:tests.SignIn@741a8937] output={null}]]]>
              </value>
            </param>
          </params>
          <reporter-output>
          </reporter-output>
        </test-method> <!-- check_tc_status -->
        <test-method is-config="true" signature="endReporter()[pri:0, instance:tests.SignIn@741a8937]" started-at="2023-08-01T21:18:57 IST" name="endReporter" finished-at="2023-08-01T21:18:58 IST" duration-ms="663" status="PASS">
          <reporter-output>
          </reporter-output>
        </test-method> <!-- endReporter -->
      </class> <!-- tests.SignIn -->
    </test> <!-- GroupTest -->
  </suite> <!-- Group -->
</testng-results>
