<?xml version="1.0" encoding="UTF-8"?>
<testng-results total="2" passed="2" failed="0" skipped="0">
  <reporter-output>
  </reporter-output>
  <suite started-at="2023-05-01T19:20:56Z" name="Default suite" finished-at="2023-05-01T19:21:10Z" duration-ms="14109">
    <groups>
      <group name="regression">
        <method signature="Home.homepage_element_validation()[pri:0, instance:tests.Home@327bcebd]" name="homepage_element_validation" class="tests.Home"/>
        <method signature="Home.homepage_search()[pri:0, instance:tests.Home@327bcebd]" name="homepage_search" class="tests.Home"/>
      </group> <!-- regression -->
      <group name="smoke">
        <method signature="Home.homepage_element_validation()[pri:0, instance:tests.Home@327bcebd]" name="homepage_element_validation" class="tests.Home"/>
      </group> <!-- smoke -->
    </groups>
    <test started-at="2023-05-01T19:20:56Z" name="Default test" finished-at="2023-05-01T19:21:10Z" duration-ms="14109">
      <class name="tests.Home">
        <test-method is-config="true" signature="startReporter()[pri:0, instance:tests.Home@327bcebd]" started-at="2023-05-02T00:50:56Z" name="startReporter" finished-at="2023-05-02T00:50:56Z" duration-ms="277" status="PASS">
          <reporter-output>
          </reporter-output>
        </test-method> <!-- startReporter -->
        <test-method is-config="true" signature="setup()[pri:0, instance:tests.Home@327bcebd]" started-at="2023-05-02T00:50:56Z" name="setup" finished-at="2023-05-02T00:51:02Z" duration-ms="5938" status="PASS">
          <reporter-output>
          </reporter-output>
        </test-method> <!-- setup -->
        <test-method signature="homepage_element_validation()[pri:0, instance:tests.Home@327bcebd]" started-at="2023-05-02T00:51:02Z" name="homepage_element_validation" finished-at="2023-05-02T00:51:03Z" duration-ms="658" status="PASS">
          <reporter-output>
          </reporter-output>
        </test-method> <!-- homepage_element_validation -->
        <test-method is-config="true" signature="check_tc_status(org.testng.ITestResult)[pri:0, instance:tests.Home@327bcebd]" started-at="2023-05-02T00:51:03Z" name="check_tc_status" finished-at="2023-05-02T00:51:03Z" duration-ms="323" status="PASS">
          <params>
            <param index="0">
              <value>
                <![CDATA[[TestResult name=homepage_element_validation status=SUCCESS method=Home.homepage_element_validation()[pri:0, instance:tests.Home@327bcebd] output={null}]]]>
              </value>
            </param>
          </params>
          <reporter-output>
          </reporter-output>
        </test-method> <!-- check_tc_status -->
        <test-method is-config="true" signature="setup()[pri:0, instance:tests.Home@327bcebd]" started-at="2023-05-02T00:51:03Z" name="setup" finished-at="2023-05-02T00:51:07Z" duration-ms="4086" status="PASS">
          <reporter-output>
          </reporter-output>
        </test-method> <!-- setup -->
        <test-method signature="homepage_search()[pri:0, instance:tests.Home@327bcebd]" started-at="2023-05-02T00:51:07Z" name="homepage_search" finished-at="2023-05-02T00:51:10Z" duration-ms="2759" status="PASS">
          <reporter-output>
          </reporter-output>
        </test-method> <!-- homepage_search -->
        <test-method is-config="true" signature="check_tc_status(org.testng.ITestResult)[pri:0, instance:tests.Home@327bcebd]" started-at="2023-05-02T00:51:10Z" name="check_tc_status" finished-at="2023-05-02T00:51:10Z" duration-ms="336" status="PASS">
          <params>
            <param index="0">
              <value>
                <![CDATA[[TestResult name=homepage_search status=SUCCESS method=Home.homepage_search()[pri:0, instance:tests.Home@327bcebd] output={null}]]]>
              </value>
            </param>
          </params>
          <reporter-output>
          </reporter-output>
        </test-method> <!-- check_tc_status -->
        <test-method is-config="true" signature="endReporter()[pri:0, instance:tests.Home@327bcebd]" started-at="2023-05-02T00:51:10Z" name="endReporter" finished-at="2023-05-02T00:51:11Z" duration-ms="194" status="PASS">
          <reporter-output>
          </reporter-output>
        </test-method> <!-- endReporter -->
      </class> <!-- tests.Home -->
    </test> <!-- Default test -->
  </suite> <!-- Default suite -->
</testng-results>
